<?xml version="1.0" encoding="UTF-8"?>
<testsuite name="clean.userinteraction.SystemOutUserInteractorTest" tests="1" skipped="0" failures="0" errors="0" timestamp="2020-01-20T19:04:24" hostname="Andriuss-MBP.lan" time="0.256">
  <properties/>
  <testcase name="printsAndReturnsResult_whenTextProvided" classname="clean.userinteraction.SystemOutUserInteractorTest" time="0.256"/>
  <system-out><![CDATA[]]></system-out>
  <system-err><![CDATA[]]></system-err>
</testsuite>
